[WARN] 2025-08-07 11:00:12.806 [main] TestNG - Ignoring duplicate listener : io.qameta.allure.testng.AllureTestNg
[WARN] 2025-08-07 11:00:12.810 [main] TestNG - Ignoring duplicate listener : io.qameta.allure.testng.AllureTestNg
[WARN] 2025-08-07 11:00:12.810 [main] TestNG - Ignoring duplicate listener : io.qameta.allure.testng.AllureTestNg
[INFO] 2025-08-07 11:00:13.174 [main] Utils - [TestNG] Running:
  C:\Users\HP\git\Testng_Ninjalinos\testng.xml

[ERROR] 2025-08-07 11:00:47.840 [TestNG-tests-2] LoggerLoad - Alert message for no code entered in editor is not displayed
[ERROR] 2025-08-07 11:00:48.011 [TestNG-tests-1] LoggerLoad - Alert message for no code entered in editor is not displayed
[ERROR] 2025-08-07 11:00:52.267 [TestNG-tests-1] LoggerLoad - Alert message for no code entered in editor is not displayed
[ERROR] 2025-08-07 11:00:52.267 [TestNG-tests-2] LoggerLoad - Alert message for no code entered in editor is not displayed
[ERROR] 2025-08-07 11:00:56.712 [TestNG-tests-2] LoggerLoad - Alert message for no code entered in editor is not displayed
[ERROR] 2025-08-07 11:00:57.028 [TestNG-tests-1] LoggerLoad - Alert message for no code entered in editor is not displayed
[ERROR] 2025-08-07 11:01:01.297 [TestNG-tests-2] LoggerLoad - Alert message for no code entered in editor is not displayed
[ERROR] 2025-08-07 11:01:01.325 [TestNG-tests-1] LoggerLoad - Alert message for no code entered in editor is not displayed
[ERROR] 2025-08-07 11:01:01.470 [TestNG-tests-2] AllureLifecycle - Could not add attachment: no test is running
[WARN] 2025-08-07 11:02:42.954 [main] TestNG - Ignoring duplicate listener : io.qameta.allure.testng.AllureTestNg
[WARN] 2025-08-07 11:02:42.955 [main] TestNG - Ignoring duplicate listener : io.qameta.allure.testng.AllureTestNg
[WARN] 2025-08-07 11:02:42.955 [main] TestNG - Ignoring duplicate listener : io.qameta.allure.testng.AllureTestNg
[INFO] 2025-08-07 11:02:43.286 [main] Utils - [TestNG] Running:
  C:\Users\HP\git\Testng_Ninjalinos\testng.xml

[ERROR] 2025-08-07 11:03:13.875 [TestNG-tests-2] LoggerLoad - Alert message for no code entered in editor is not displayed
[ERROR] 2025-08-07 11:03:13.877 [TestNG-tests-1] LoggerLoad - Alert message for no code entered in editor is not displayed
[ERROR] 2025-08-07 11:03:14.065 [TestNG-tests-2] AllureLifecycle - Could not add attachment: no test is running
[ERROR] 2025-08-07 11:03:14.124 [TestNG-tests-1] AllureLifecycle - Could not add attachment: no test is running
[ERROR] 2025-08-07 11:03:31.226 [TestNG-tests-3] LoggerLoad - Alert message for no code entered in editor is not displayed
[ERROR] 2025-08-07 11:03:31.267 [TestNG-tests-3] AllureLifecycle - Could not add attachment: no test is running
[WARN] 2025-08-07 11:04:23.175 [main] TestNG - Ignoring duplicate listener : io.qameta.allure.testng.AllureTestNg
[WARN] 2025-08-07 11:04:23.178 [main] TestNG - Ignoring duplicate listener : io.qameta.allure.testng.AllureTestNg
[WARN] 2025-08-07 11:04:23.178 [main] TestNG - Ignoring duplicate listener : io.qameta.allure.testng.AllureTestNg
[INFO] 2025-08-07 11:04:23.487 [main] Utils - [TestNG] Running:
  C:\Users\HP\git\Testng_Ninjalinos\testng.xml

[ERROR] 2025-08-07 11:04:54.381 [TestNG-tests-1] LoggerLoad - Alert message for no code entered in editor is not displayed
[ERROR] 2025-08-07 11:04:54.675 [TestNG-tests-2] LoggerLoad - Alert message for no code entered in editor is not displayed
[ERROR] 2025-08-07 11:04:59.785 [TestNG-tests-1] LoggerLoad - Alert message for no code entered in editor is not displayed
[ERROR] 2025-08-07 11:04:59.803 [TestNG-tests-2] LoggerLoad - Alert message for no code entered in editor is not displayed
[ERROR] 2025-08-07 11:05:05.681 [TestNG-tests-2] LoggerLoad - Alert message for no code entered in editor is not displayed
[ERROR] 2025-08-07 11:05:05.753 [TestNG-tests-1] LoggerLoad - Alert message for no code entered in editor is not displayed
[ERROR] 2025-08-07 11:05:10.828 [TestNG-tests-2] LoggerLoad - Alert message for no code entered in editor is not displayed
[ERROR] 2025-08-07 11:05:10.881 [TestNG-tests-1] LoggerLoad - Alert message for no code entered in editor is not displayed
[ERROR] 2025-08-07 11:05:11.023 [TestNG-tests-2] AllureLifecycle - Could not add attachment: no test is running
[ERROR] 2025-08-07 11:05:11.053 [TestNG-tests-1] AllureLifecycle - Could not add attachment: no test is running
[ERROR] 2025-08-07 11:05:20.115 [TestNG-tests-3] LoggerLoad - Alert message for no code entered in editor is not displayed
[ERROR] 2025-08-07 11:05:25.307 [TestNG-tests-3] LoggerLoad - Alert message for no code entered in editor is not displayed
[ERROR] 2025-08-07 11:05:30.957 [TestNG-tests-3] LoggerLoad - Alert message for no code entered in editor is not displayed
[ERROR] 2025-08-07 11:05:36.145 [TestNG-tests-3] LoggerLoad - Alert message for no code entered in editor is not displayed
[ERROR] 2025-08-07 11:05:36.188 [TestNG-tests-3] AllureLifecycle - Could not add attachment: no test is running
